{"level":"error","message":"value too long for type character varying(100)","timestamp":"2023-06-14T14:59:49.580Z"}
{"level":"error","message":"value too long for type character varying(100)","timestamp":"2023-06-14T15:00:23.442Z"}
{"level":"error","message":"Cannot read properties of undefined (reading '0')","timestamp":"2023-07-02T14:40:40.343Z"}
{"level":"error","message":"Cannot read properties of undefined (reading '0')","timestamp":"2023-07-02T14:40:40.347Z"}
{"level":"error","message":"Cannot read properties of undefined (reading '0')","timestamp":"2023-07-02T14:40:41.173Z"}
{"level":"error","message":"Cannot read properties of undefined (reading '0')","timestamp":"2023-07-02T14:40:41.175Z"}
{"level":"error","message":"Cannot read properties of undefined (reading '0')","timestamp":"2023-07-03T16:07:47.565Z"}
{"level":"error","message":"Cannot read properties of undefined (reading '0')","timestamp":"2023-07-03T16:07:47.569Z"}
{"level":"error","message":"Cannot read properties of undefined (reading '0')","timestamp":"2023-07-03T16:07:48.835Z"}
{"level":"error","message":"Cannot read properties of undefined (reading '0')","timestamp":"2023-07-03T16:07:48.838Z"}
{"level":"error","message":"Cannot read properties of undefined (reading '0')","timestamp":"2023-07-03T16:07:59.779Z"}
{"level":"error","message":"Cannot read properties of undefined (reading '0')","timestamp":"2023-07-03T16:07:59.781Z"}
{"level":"error","message":"Cannot read properties of undefined (reading '0')","timestamp":"2023-07-03T16:08:18.934Z"}
{"level":"error","message":"Cannot read properties of undefined (reading '0')","timestamp":"2023-07-03T16:08:18.937Z"}
{"level":"error","message":"Cannot read properties of undefined (reading '0')","timestamp":"2023-07-03T16:10:34.581Z"}
{"level":"error","message":"Cannot read properties of undefined (reading '0')","timestamp":"2023-07-03T16:10:34.583Z"}
{"level":"error","message":"Cannot read properties of undefined (reading '0')","timestamp":"2023-07-03T16:10:58.512Z"}
{"level":"error","message":"Cannot read properties of undefined (reading '0')","timestamp":"2023-07-03T16:10:58.519Z"}
{"level":"error","message":"Cannot read properties of undefined (reading '0')","timestamp":"2023-07-03T16:11:00.144Z"}
{"level":"error","message":"Cannot read properties of undefined (reading '0')","timestamp":"2023-07-03T16:11:00.148Z"}
{"level":"error","message":"Cannot read properties of undefined (reading '0')","timestamp":"2023-07-03T16:14:11.556Z"}
{"level":"error","message":"Cannot read properties of undefined (reading '0')","timestamp":"2023-07-03T16:14:11.558Z"}
{"level":"error","message":"Cannot read properties of undefined (reading '0')","timestamp":"2023-07-03T16:14:16.553Z"}
{"level":"error","message":"Cannot read properties of undefined (reading '0')","timestamp":"2023-07-03T16:14:16.557Z"}
{"level":"error","message":"Cannot read properties of undefined (reading '0')","timestamp":"2023-07-03T16:14:28.814Z"}
{"level":"error","message":"Cannot read properties of undefined (reading '0')","timestamp":"2023-07-03T16:14:28.819Z"}
{"level":"error","message":"Cannot read properties of undefined (reading '0')","timestamp":"2023-07-03T16:14:41.051Z"}
{"level":"error","message":"Cannot read properties of undefined (reading '0')","timestamp":"2023-07-03T16:14:41.054Z"}
{"level":"error","message":"Cannot read properties of undefined (reading '0')","timestamp":"2023-07-03T16:14:45.076Z"}
{"level":"error","message":"Cannot read properties of undefined (reading '0')","timestamp":"2023-07-03T16:14:45.091Z"}
{"level":"error","message":"Cannot read properties of undefined (reading '0')","timestamp":"2023-07-03T16:14:47.981Z"}
{"level":"error","message":"Cannot read properties of undefined (reading '0')","timestamp":"2023-07-03T16:14:47.983Z"}
{"level":"error","message":"Cannot read properties of undefined (reading '0')","timestamp":"2023-07-03T16:15:02.669Z"}
{"level":"error","message":"Cannot read properties of undefined (reading '0')","timestamp":"2023-07-03T16:15:02.671Z"}
{"level":"error","message":"Cannot read properties of undefined (reading '0')","timestamp":"2023-07-03T16:15:37.611Z"}
{"level":"error","message":"Cannot read properties of undefined (reading '0')","timestamp":"2023-07-03T16:15:37.615Z"}
{"level":"error","message":"Cannot read properties of undefined (reading '0')","timestamp":"2023-07-03T16:15:57.773Z"}
{"level":"error","message":"Cannot read properties of undefined (reading '0')","timestamp":"2023-07-03T16:15:57.780Z"}
{"level":"error","message":"Cannot read properties of undefined (reading '0')","timestamp":"2023-07-03T16:15:59.513Z"}
{"level":"error","message":"Cannot read properties of undefined (reading '0')","timestamp":"2023-07-03T16:15:59.515Z"}
{"level":"error","message":"Cannot read properties of undefined (reading '0')","timestamp":"2023-07-03T16:16:13.336Z"}
{"level":"error","message":"Cannot read properties of undefined (reading '0')","timestamp":"2023-07-03T16:16:13.338Z"}
{"level":"error","message":"Cannot read properties of undefined (reading '0')","timestamp":"2023-07-03T16:16:14.772Z"}
{"level":"error","message":"Cannot read properties of undefined (reading '0')","timestamp":"2023-07-03T16:16:14.777Z"}
{"level":"error","message":"Cannot read properties of undefined (reading '0')","timestamp":"2023-07-03T16:16:37.906Z"}
{"level":"error","message":"Cannot read properties of undefined (reading '0')","timestamp":"2023-07-03T16:16:37.908Z"}
{"level":"error","message":"Cannot read properties of undefined (reading '0')","timestamp":"2023-07-03T16:16:38.516Z"}
{"level":"error","message":"Cannot read properties of undefined (reading '0')","timestamp":"2023-07-03T16:16:38.518Z"}
{"level":"error","message":"Cannot read properties of undefined (reading '0')","timestamp":"2023-07-03T16:16:48.643Z"}
{"level":"error","message":"Cannot read properties of undefined (reading '0')","timestamp":"2023-07-03T16:16:48.649Z"}
{"level":"error","message":"Cannot read properties of undefined (reading '0')","timestamp":"2023-07-03T16:16:59.334Z"}
{"level":"error","message":"Cannot read properties of undefined (reading '0')","timestamp":"2023-07-03T16:16:59.335Z"}
{"level":"error","message":"Cannot read properties of undefined (reading '0')","timestamp":"2023-07-03T16:17:10.590Z"}
{"level":"error","message":"Cannot read properties of undefined (reading '0')","timestamp":"2023-07-03T16:17:10.592Z"}
{"level":"error","message":"Cannot read properties of undefined (reading '0')","timestamp":"2023-07-03T16:18:10.021Z"}
{"level":"error","message":"Cannot read properties of undefined (reading '0')","timestamp":"2023-07-03T16:18:10.025Z"}
{"level":"error","message":"Cannot read properties of undefined (reading '0')","timestamp":"2023-07-03T16:18:35.122Z"}
{"level":"error","message":"Cannot read properties of undefined (reading '0')","timestamp":"2023-07-03T16:18:44.724Z"}
{"level":"error","message":"Cannot read properties of undefined (reading 'value')","timestamp":"2023-07-03T16:18:51.510Z"}
{"level":"error","message":"Cannot read properties of undefined (reading 'value')","timestamp":"2023-07-03T16:19:03.851Z"}
{"level":"error","message":"Cannot read properties of undefined (reading 'value')","timestamp":"2023-07-03T16:19:54.042Z"}
{"level":"error","message":"Cannot read properties of undefined (reading 'value')","timestamp":"2023-07-03T16:20:11.136Z"}
{"level":"error","message":"column master_payment_method.undefined does not exist","timestamp":"2023-07-03T16:20:20.066Z"}
{"level":"error","message":"column master_payment_method.undefined does not exist","timestamp":"2023-07-03T16:20:27.240Z"}
{"level":"error","message":"column master_payment_method.undefined does not exist","timestamp":"2023-07-03T16:21:23.928Z"}
{"level":"error","message":"column master_payment_method.undefined does not exist","timestamp":"2023-07-03T16:21:52.189Z"}
{"level":"error","message":"column master_payment_method.undefined does not exist","timestamp":"2023-07-03T16:22:35.572Z"}
{"level":"error","message":"column master_payment_method.undefined does not exist","timestamp":"2023-07-03T16:25:10.362Z"}
{"level":"error","message":"Validation error","timestamp":"2023-07-25T15:26:29.548Z"}
{"level":"error","message":"Validation error","timestamp":"2023-07-25T15:34:21.853Z"}
{"level":"error","message":"Validation error","timestamp":"2023-07-25T15:34:53.133Z"}
{"level":"error","message":"Validation error","timestamp":"2023-07-25T15:35:12.089Z"}
{"level":"error","message":"Validation error","timestamp":"2023-07-25T15:40:14.389Z"}
{"level":"error","message":"Validation error","timestamp":"2023-07-25T15:40:19.276Z"}
{"level":"error","message":"Validation error","timestamp":"2023-07-25T15:47:16.658Z"}
{"level":"error","message":"Validation error","timestamp":"2023-07-25T15:47:27.836Z"}
{"level":"error","message":"Validation error","timestamp":"2023-07-25T15:52:47.900Z"}
{"level":"error","message":"Validation error","timestamp":"2023-07-25T15:53:05.845Z"}
{"level":"error","message":"Validation error","timestamp":"2023-07-25T15:53:22.473Z"}
{"level":"error","message":"Validation error","timestamp":"2023-07-25T15:53:32.829Z"}
{"level":"error","message":"Validation error","timestamp":"2023-07-25T15:53:41.619Z"}
{"level":"error","message":"Validation error","timestamp":"2023-07-25T15:53:48.975Z"}
{"level":"error","message":"Validation error","timestamp":"2023-07-25T15:56:13.093Z"}
{"level":"error","message":"Validation error","timestamp":"2023-07-25T15:56:14.404Z"}
{"level":"error","message":"Validation error","timestamp":"2023-07-25T15:56:31.722Z"}
{"level":"error","message":"Validation error","timestamp":"2023-07-25T15:58:11.011Z"}
{"level":"error","message":"Validation error","timestamp":"2023-07-25T15:58:37.947Z"}
{"level":"error","message":"Validation error","timestamp":"2023-07-25T15:58:39.462Z"}
{"level":"error","message":"Validation error","timestamp":"2023-07-25T15:58:47.162Z"}
{"level":"error","message":"Validation error","timestamp":"2023-07-25T15:58:57.740Z"}
{"level":"error","message":"Validation error","timestamp":"2023-07-25T15:59:14.306Z"}
{"level":"error","message":"Validation error","timestamp":"2023-07-25T15:59:26.782Z"}
{"level":"error","message":"Validation error","timestamp":"2023-07-25T15:59:33.760Z"}
{"level":"error","message":"Validation error","timestamp":"2023-07-25T15:59:51.857Z"}
{"level":"error","message":"Validation error","timestamp":"2023-07-25T16:00:12.913Z"}
{"level":"error","message":"Validation error","timestamp":"2023-07-30T15:16:36.815Z"}
{"level":"error","message":"Validation error","timestamp":"2023-07-31T15:31:31.409Z"}
{"level":"error","message":"Validation error","timestamp":"2023-08-03T15:23:43.638Z"}
{"level":"error","message":"notNull Violation: users_token.user_agent cannot be null","timestamp":"2023-08-29T10:35:20.656Z"}
{"level":"error","message":"notNull Violation: users_token.user_agent cannot be null","timestamp":"2023-08-29T10:35:27.716Z"}
{"level":"error","message":"notNull Violation: users_token.user_agent cannot be null","timestamp":"2023-08-29T10:35:43.980Z"}
{"level":"error","message":"notNull Violation: users_token.user_agent cannot be null","timestamp":"2023-08-29T10:35:55.257Z"}
{"level":"error","message":"notNull Violation: users_token.user_agent cannot be null","timestamp":"2023-08-29T10:36:58.929Z"}
{"level":"error","message":"notNull Violation: users_token.user_agent cannot be null","timestamp":"2023-08-29T10:39:34.474Z"}
{"level":"error","message":"notNull Violation: users_token.user_agent cannot be null","timestamp":"2023-08-29T10:40:23.436Z"}
