{"body":{},"level":"http","message":"Request info","method":"GET","timestamp":"2023-05-13T11:19:09.263Z","url":"/email"}
{"body":{"client_id":1,"due_date":"2023-05-08T12:30:00Z","items":[{"id":1,"qty":2},{"id":3,"qty":1}],"payment_method_id":1},"level":"http","message":"Request info","method":"GET","timestamp":"2023-05-13T11:19:30.424Z","url":"/v1/api/invoice/generate"}
{"body":{"password":"rahasia","username":"admin@hr.com"},"level":"http","message":"Request info","method":"POST","timestamp":"2023-05-13T11:19:33.419Z","url":"/v1/api/auth/login"}
{"body":{"client_id":1,"due_date":"2023-05-08T12:30:00Z","items":[{"id":1,"qty":2},{"id":3,"qty":1}],"payment_method_id":1},"level":"http","message":"Request info","method":"GET","timestamp":"2023-05-13T11:19:38.612Z","url":"/v1/api/invoice/generate"}
{"level":"error","message":"Cannot read properties of undefined (reading 'findByPk')","timestamp":"2023-05-13T11:19:38.678Z"}
{"body":{"client_id":1,"due_date":"2023-05-08T12:30:00Z","items":[{"id":1,"qty":2},{"id":3,"qty":1}],"payment_method_id":1},"level":"http","message":"Request info","method":"GET","timestamp":"2023-05-13T11:20:20.580Z","url":"/v1/api/invoice/generate"}
{"level":"error","message":"ENOENT: no such file or directory, open '../ejs/email.template'","timestamp":"2023-05-13T11:20:20.781Z"}
{"body":{"client_id":1,"due_date":"2023-05-08T12:30:00Z","items":[{"id":1,"qty":2},{"id":3,"qty":1}],"payment_method_id":1},"level":"http","message":"Request info","method":"GET","timestamp":"2023-05-13T11:20:34.804Z","url":"/v1/api/invoice/generate"}
{"level":"error","message":"ENOENT: no such file or directory, open '../ejs/email.template.ejs'","timestamp":"2023-05-13T11:20:34.995Z"}
{"body":{"client_id":1,"due_date":"2023-05-08T12:30:00Z","items":[{"id":1,"qty":2},{"id":3,"qty":1}],"payment_method_id":1},"level":"http","message":"Request info","method":"GET","timestamp":"2023-05-13T11:21:21.783Z","url":"/v1/api/invoice/generate"}
{"level":"error","message":"ENOENT: no such file or directory, open '../ejs/email'","timestamp":"2023-05-13T11:21:21.976Z"}
{"body":{"client_id":1,"due_date":"2023-05-08T12:30:00Z","items":[{"id":1,"qty":2},{"id":3,"qty":1}],"payment_method_id":1},"level":"http","message":"Request info","method":"GET","timestamp":"2023-05-13T11:21:52.782Z","url":"/v1/api/invoice/generate"}
{"level":"error","message":"ENOENT: no such file or directory, open '../ejs/email.template.ejs'","timestamp":"2023-05-13T11:21:52.971Z"}
{"body":{"client_id":1,"due_date":"2023-05-08T12:30:00Z","items":[{"id":1,"qty":2},{"id":3,"qty":1}],"payment_method_id":1},"level":"http","message":"Request info","method":"GET","timestamp":"2023-05-13T11:22:55.108Z","url":"/v1/api/invoice/generate"}
{"level":"error","message":"ENOENT: no such file or directory, open '../ejs/email.template.ejs'","timestamp":"2023-05-13T11:22:55.307Z"}
{"body":{"client_id":1,"due_date":"2023-05-08T12:30:00Z","items":[{"id":1,"qty":2},{"id":3,"qty":1}],"payment_method_id":1},"level":"http","message":"Request info","method":"GET","timestamp":"2023-05-13T11:23:27.528Z","url":"/v1/api/invoice/generate"}
{"level":"error","message":"ENOENT: no such file or directory, open '../ejs/email.template.ejs'","timestamp":"2023-05-13T11:23:27.834Z"}
{"body":{"client_id":1,"due_date":"2023-05-08T12:30:00Z","items":[{"id":1,"qty":2},{"id":3,"qty":1}],"payment_method_id":1},"level":"http","message":"Request info","method":"GET","timestamp":"2023-05-13T11:25:20.616Z","url":"/v1/api/invoice/generate"}
{"level":"error","message":"ENOENT: no such file or directory, open '../ejs/email.template.ejs'","timestamp":"2023-05-13T11:25:20.927Z"}
{"body":{"client_id":1,"due_date":"2023-05-08T12:30:00Z","items":[{"id":1,"qty":2},{"id":3,"qty":1}],"payment_method_id":1},"level":"http","message":"Request info","method":"GET","timestamp":"2023-05-13T11:27:21.613Z","url":"/v1/api/invoice/generate"}
{"level":"error","message":"ENOENT: no such file or directory, open '../ejs/email.ejs'","timestamp":"2023-05-13T11:27:21.918Z"}
{"body":{"client_id":1,"due_date":"2023-05-08T12:30:00Z","items":[{"id":1,"qty":2},{"id":3,"qty":1}],"payment_method_id":1},"level":"http","message":"Request info","method":"GET","timestamp":"2023-05-13T11:29:37.560Z","url":"/v1/api/invoice/generate"}
{"level":"error","message":"path is not defined","timestamp":"2023-05-13T11:29:37.855Z"}
{"body":{"client_id":1,"due_date":"2023-05-08T12:30:00Z","items":[{"id":1,"qty":2},{"id":3,"qty":1}],"payment_method_id":1},"level":"http","message":"Request info","method":"GET","timestamp":"2023-05-13T11:30:01.956Z","url":"/v1/api/invoice/generate"}
{"level":"error","message":"data is not defined","timestamp":"2023-05-13T11:30:02.149Z"}
{"body":{"client_id":1,"due_date":"2023-05-08T12:30:00Z","items":[{"id":1,"qty":2},{"id":3,"qty":1}],"payment_method_id":1},"level":"http","message":"Request info","method":"GET","timestamp":"2023-05-13T11:30:40.180Z","url":"/v1/api/invoice/generate"}
{"level":"info","message":"Error sending email to undefined: No recipients defined","timestamp":"2023-05-13T11:30:41.687Z"}
{"level":"info","message":"Retrying in 5000ms...","timestamp":"2023-05-13T11:30:41.687Z"}
{"level":"info","message":"Error sending email to undefined: No recipients defined","timestamp":"2023-05-13T11:30:47.947Z"}
{"level":"info","message":"Retrying in 5000ms...","timestamp":"2023-05-13T11:30:47.947Z"}
{"level":"info","message":"Error sending email to undefined: No recipients defined","timestamp":"2023-05-13T11:30:54.195Z"}
{"level":"info","message":"Max retries exceeded, giving up.","timestamp":"2023-05-13T11:30:54.195Z"}
{"body":{"client_id":1,"due_date":"2023-05-08T12:30:00Z","items":[{"id":1,"qty":2},{"id":3,"qty":1}],"payment_method_id":1},"level":"http","message":"Request info","method":"GET","timestamp":"2023-05-13T11:31:38.024Z","url":"/v1/api/invoice/generate"}
{"level":"info","message":"Error sending email to undefined: No recipients defined","timestamp":"2023-05-13T11:31:38.932Z"}
{"level":"info","message":"Retrying in 5000ms...","timestamp":"2023-05-13T11:31:38.932Z"}
{"level":"info","message":"Error sending email to undefined: No recipients defined","timestamp":"2023-05-13T11:31:44.569Z"}
{"level":"info","message":"Retrying in 5000ms...","timestamp":"2023-05-13T11:31:44.570Z"}
{"level":"info","message":"Error sending email to undefined: No recipients defined","timestamp":"2023-05-13T11:31:50.211Z"}
{"level":"info","message":"Max retries exceeded, giving up.","timestamp":"2023-05-13T11:31:50.212Z"}
{"body":{"client_id":1,"due_date":"2023-05-08T12:30:00Z","items":[{"id":1,"qty":2},{"id":3,"qty":1}],"payment_method_id":1},"level":"http","message":"Request info","method":"GET","timestamp":"2023-05-13T11:35:54.390Z","url":"/v1/api/invoice/generate"}
{"body":{"client_id":1,"due_date":"2023-05-08T12:30:00Z","items":[{"id":1,"qty":2},{"id":3,"qty":1}],"payment_method_id":1},"level":"http","message":"Request info","method":"GET","timestamp":"2023-05-13T11:36:14.572Z","url":"/v1/api/invoice/generate"}
{"body":{"client_id":1,"due_date":"2023-05-08T12:30:00Z","items":[{"id":1,"qty":2},{"id":3,"qty":1}],"payment_method_id":1},"level":"http","message":"Request info","method":"GET","timestamp":"2023-05-13T11:36:30.510Z","url":"/v1/api/invoice/generate"}
{"body":{"client_id":1,"due_date":"2023-05-08T12:30:00Z","items":[{"id":1,"qty":2},{"id":3,"qty":1}],"payment_method_id":1},"level":"http","message":"Request info","method":"GET","timestamp":"2023-05-13T11:36:40.908Z","url":"/v1/api/invoice/generate"}
{"body":{"client_id":1,"due_date":"2023-05-08T12:30:00Z","items":[{"id":1,"qty":2},{"id":3,"qty":1}],"payment_method_id":1},"level":"http","message":"Request info","method":"GET","timestamp":"2023-05-13T11:37:02.127Z","url":"/v1/api/invoice/generate"}
{"body":{},"level":"http","message":"Request info","method":"GET","timestamp":"2023-05-13T11:37:07.470Z","url":"/v1/api/client/findAll"}
{"body":{},"level":"http","message":"Request info","method":"GET","timestamp":"2023-05-13T11:37:34.152Z","url":"/v1/api/client/findAll"}
{"body":{"client_id":1,"due_date":"2023-05-08T12:30:00Z","items":[{"id":1,"qty":2},{"id":3,"qty":1}],"payment_method_id":1},"level":"http","message":"Request info","method":"GET","timestamp":"2023-05-13T11:37:41.167Z","url":"/v1/api/invoice/generate"}
{"body":{"client_id":1,"due_date":"2023-05-08T12:30:00Z","items":[{"id":1,"qty":2},{"id":3,"qty":1}],"payment_method_id":1},"level":"http","message":"Request info","method":"GET","timestamp":"2023-05-13T11:37:52.017Z","url":"/v1/api/invoice/generate"}
{"body":{"client_id":1,"due_date":"2023-05-08T12:30:00Z","items":[{"id":1,"qty":2},{"id":3,"qty":1}],"payment_method_id":1},"level":"http","message":"Request info","method":"GET","timestamp":"2023-05-13T11:39:13.159Z","url":"/v1/api/invoice/generate"}
{"body":{},"level":"http","message":"Request info","method":"GET","timestamp":"2023-05-13T11:39:26.658Z","url":"/v1/api/client/findAll"}
{"body":{"address":"Jl. Jalan No. 1","company_name":"PT. PAJERO","email":"mtahirwiguna@gmail.com","name":"Ujang edited","phone_number":"123457"},"level":"http","message":"Request info","method":"PUT","timestamp":"2023-05-13T11:39:41.792Z","url":"/v1/api/client/edit/1"}
{"body":{},"level":"http","message":"Request info","method":"GET","timestamp":"2023-05-13T11:39:50.424Z","url":"/email"}
{"body":{"client_id":1,"due_date":"2023-05-08T12:30:00Z","items":[{"id":1,"qty":2},{"id":3,"qty":1}],"payment_method_id":1},"level":"http","message":"Request info","method":"GET","timestamp":"2023-05-13T11:40:05.314Z","url":"/v1/api/invoice/generate"}
{"body":{"client_id":1,"due_date":"2023-05-08T12:30:00Z","items":[{"id":1,"qty":2},{"id":3,"qty":1}],"payment_method_id":1},"level":"http","message":"Request info","method":"GET","timestamp":"2023-05-13T11:46:34.287Z","url":"/v1/api/invoice/generate"}
{"body":{"client_id":1,"due_date":"2023-05-08T12:30:00Z","items":[{"id":1,"qty":2},{"id":3,"qty":1}],"payment_method_id":1},"level":"http","message":"Request info","method":"GET","timestamp":"2023-05-13T11:49:11.587Z","url":"/v1/api/invoice/generate"}
{"body":{"client_id":1,"due_date":"2023-05-08T12:30:00Z","items":[{"id":1,"qty":2},{"id":3,"qty":1}],"payment_method_id":1},"level":"http","message":"Request info","method":"GET","timestamp":"2023-05-13T11:51:51.633Z","url":"/v1/api/invoice/generate"}
{"body":{"client_id":1,"due_date":"2023-05-08T12:30:00Z","items":[{"id":1,"qty":2},{"id":3,"qty":1}],"payment_method_id":1},"level":"http","message":"Request info","method":"GET","timestamp":"2023-05-13T11:56:03.082Z","url":"/v1/api/invoice/generate"}
{"level":"error","message":"ejs:89\n    87|         </div>\r\n    88|         <div>\r\n >> 89|           <p><%= invoiceNumber %></p>\r\n    90|           <p><%= invoiceDate %></p>\r\n    91|         </div>\r\n    92|       </div>\r\n\ninvoiceNumber is not defined","timestamp":"2023-05-13T11:56:03.199Z"}
{"body":{"client_id":1,"due_date":"2023-05-08T12:30:00Z","items":[{"id":1,"qty":2},{"id":3,"qty":1}],"payment_method_id":1},"level":"http","message":"Request info","method":"GET","timestamp":"2023-05-13T11:56:24.892Z","url":"/v1/api/invoice/generate"}
{"body":{"client_id":1,"due_date":"2023-05-08T12:30:00Z","items":[{"id":1,"qty":2},{"id":3,"qty":1}],"payment_method_id":1},"level":"http","message":"Request info","method":"GET","timestamp":"2023-05-13T11:57:07.984Z","url":"/v1/api/invoice/generate"}
{"body":{"client_id":1,"due_date":"2023-05-08T12:30:00Z","items":[{"id":1,"qty":2},{"id":3,"qty":1}],"payment_method_id":1},"level":"http","message":"Request info","method":"GET","timestamp":"2023-05-13T11:58:22.569Z","url":"/v1/api/invoice/generate"}
{"body":{"client_id":1,"due_date":"2023-05-08T12:30:00Z","items":[{"id":1,"qty":2},{"id":3,"qty":1}],"payment_method_id":1},"level":"http","message":"Request info","method":"GET","timestamp":"2023-05-13T12:00:17.350Z","url":"/v1/api/invoice/generate"}
{"body":{"client_id":1,"due_date":"2023-05-08T12:30:00Z","items":[{"id":1,"qty":2},{"id":3,"qty":1}],"payment_method_id":1},"level":"http","message":"Request info","method":"GET","timestamp":"2023-05-13T12:02:08.641Z","url":"/v1/api/invoice/generate"}
{"body":{"client_id":1,"due_date":"2023-05-08T12:30:00Z","items":[{"id":1,"qty":2},{"id":3,"qty":1}],"payment_method_id":1},"level":"http","message":"Request info","method":"GET","timestamp":"2023-05-13T12:04:15.885Z","url":"/v1/api/invoice/generate"}
{"body":{"client_id":1,"due_date":"2023-05-08T12:30:00Z","items":[{"id":1,"qty":2},{"id":3,"qty":1}],"payment_method_id":1},"level":"http","message":"Request info","method":"GET","timestamp":"2023-05-13T12:06:34.625Z","url":"/v1/api/invoice/generate"}
{"body":{"client_id":1,"due_date":"2023-05-08T12:30:00Z","items":[{"id":1,"qty":2},{"id":3,"qty":1}],"payment_method_id":1},"level":"http","message":"Request info","method":"GET","timestamp":"2023-05-13T12:07:26.888Z","url":"/v1/api/invoice/generate"}
{"body":{"client_id":1,"due_date":"2023-05-08T12:30:00Z","items":[{"id":1,"qty":2},{"id":3,"qty":1}],"payment_method_id":1},"level":"http","message":"Request info","method":"GET","timestamp":"2023-05-13T12:08:44.510Z","url":"/v1/api/invoice/generate"}
{"body":{"client_id":1,"due_date":"2023-05-08T12:30:00Z","items":[{"id":1,"qty":2},{"id":3,"qty":1}],"payment_method_id":1},"level":"http","message":"Request info","method":"GET","timestamp":"2023-05-13T13:45:18.663Z","url":"/v1/api/invoice/generate"}
{"body":{"password":"rahasia","username":"admin@hr.com"},"level":"http","message":"Request info","method":"POST","timestamp":"2023-05-13T13:45:21.736Z","url":"/v1/api/auth/login"}
{"body":{"client_id":1,"due_date":"2023-05-08T12:30:00Z","items":[{"id":1,"qty":2},{"id":3,"qty":1}],"payment_method_id":1},"level":"http","message":"Request info","method":"GET","timestamp":"2023-05-13T13:45:23.267Z","url":"/v1/api/invoice/generate"}
{"body":{"client_id":1,"due_date":"2023-05-08T12:30:00Z","items":[{"id":1,"qty":2},{"id":3,"qty":1}],"payment_method_id":1},"level":"http","message":"Request info","method":"GET","timestamp":"2023-05-13T13:45:36.194Z","url":"/v1/api/invoice/generate"}
{"body":{"client_id":1,"due_date":"2023-05-08T12:30:00Z","items":[{"id":1,"qty":2},{"id":3,"qty":1}],"payment_method_id":1},"level":"http","message":"Request info","method":"GET","timestamp":"2023-05-13T13:45:41.250Z","url":"/v1/api/invoice/generate"}
{"body":{"client_id":1,"due_date":"2023-05-08T12:30:00Z","items":[{"id":1,"qty":2},{"id":3,"qty":1}],"payment_method_id":1},"level":"http","message":"Request info","method":"GET","timestamp":"2023-05-13T13:51:19.602Z","url":"/v1/api/invoice/generate"}
{"body":{"client_id":1,"due_date":"2023-05-08T12:30:00Z","items":[{"id":1,"qty":2},{"id":3,"qty":1}],"payment_method_id":1},"level":"http","message":"Request info","method":"GET","timestamp":"2023-05-13T14:00:37.840Z","url":"/v1/api/invoice/generate"}
{"body":{"client_id":1,"due_date":"2023-05-08T12:30:00Z","items":[{"id":1,"qty":2},{"id":3,"qty":1}],"payment_method_id":1},"level":"http","message":"Request info","method":"GET","timestamp":"2023-05-13T14:11:09.506Z","url":"/v1/api/invoice/generate"}
{"body":{"client_id":1,"due_date":"2023-05-08T12:30:00Z","items":[{"id":1,"qty":2},{"id":3,"qty":1}],"payment_method_id":1},"level":"http","message":"Request info","method":"GET","timestamp":"2023-05-13T14:23:32.088Z","url":"/v1/api/invoice/generate"}
{"body":{"client_id":1,"due_date":"2023-05-08T12:30:00Z","items":[{"id":1,"qty":2},{"id":3,"qty":1}],"payment_method_id":1},"level":"http","message":"Request info","method":"GET","timestamp":"2023-05-13T14:23:40.667Z","url":"/v1/api/invoice/generate"}
{"body":{"client_id":1,"due_date":"2023-05-08T12:30:00Z","items":[{"id":1,"qty":2},{"id":3,"qty":1}],"payment_method_id":1},"level":"http","message":"Request info","method":"GET","timestamp":"2023-05-13T14:23:51.845Z","url":"/v1/api/invoice/generate"}
{"body":{"client_id":1,"due_date":"2023-05-08T12:30:00Z","items":[{"id":1,"qty":2},{"id":3,"qty":1}],"payment_method_id":1},"level":"http","message":"Request info","method":"GET","timestamp":"2023-05-13T14:23:58.813Z","url":"/v1/api/invoice/generate"}
{"body":{"client_id":1,"due_date":"2023-05-08T12:30:00Z","items":[{"id":1,"qty":2},{"id":3,"qty":1}],"payment_method_id":1},"level":"http","message":"Request info","method":"GET","timestamp":"2023-05-13T14:25:33.791Z","url":"/v1/api/invoice/generate"}
{"body":{"client_id":1,"due_date":"2023-05-08T12:30:00Z","items":[{"id":1,"qty":2},{"id":3,"qty":1}],"payment_method_id":1},"level":"http","message":"Request info","method":"GET","timestamp":"2023-05-13T14:27:34.034Z","url":"/v1/api/invoice/generate"}
{"body":{"client_id":1,"due_date":"2023-05-08T12:30:00Z","items":[{"id":1,"qty":2},{"id":3,"qty":1}],"payment_method_id":1},"level":"http","message":"Request info","method":"GET","timestamp":"2023-05-13T14:28:15.903Z","url":"/v1/api/invoice/generate"}
{"body":{"client_id":1,"due_date":"2023-05-08T12:30:00Z","items":[{"id":1,"qty":2},{"id":3,"qty":1}],"payment_method_id":1},"level":"http","message":"Request info","method":"GET","timestamp":"2023-05-13T14:28:35.881Z","url":"/v1/api/invoice/generate"}
{"body":{"client_id":1,"due_date":"2023-05-08T12:30:00Z","items":[{"id":1,"qty":2},{"id":3,"qty":1}],"payment_method_id":1},"level":"http","message":"Request info","method":"GET","timestamp":"2023-05-13T14:28:49.270Z","url":"/v1/api/invoice/generate"}
{"body":{"client_id":1,"due_date":"2023-05-08T12:30:00Z","items":[{"id":1,"qty":2},{"id":3,"qty":1}],"payment_method_id":1},"level":"http","message":"Request info","method":"GET","timestamp":"2023-05-13T14:30:53.534Z","url":"/v1/api/invoice/generate"}
{"body":{},"level":"http","message":"Request info","method":"GET","timestamp":"2023-05-14T15:53:33.694Z","url":"/v1/api/client/findAll"}
{"body":{"password":"rahasia","username":"admin@hr.com"},"level":"http","message":"Request info","method":"POST","timestamp":"2023-05-14T15:53:36.370Z","url":"/v1/api/auth/login"}
{"body":{},"level":"http","message":"Request info","method":"GET","timestamp":"2023-05-14T15:53:37.550Z","url":"/v1/api/client/findAll"}
{"body":{"client_id":1,"due_date":"2023-05-08T12:30:00Z","items":[{"id":1,"qty":2},{"id":3,"qty":1}],"payment_method_id":1},"level":"http","message":"Request info","method":"GET","timestamp":"2023-05-14T15:54:17.262Z","url":"/v1/api/invoice/generate"}
{"body":{"client_id":1,"due_date":"2023-05-08T12:30:00Z","items":[{"id":1,"qty":2},{"id":3,"qty":1}],"payment_method_id":1},"level":"http","message":"Request info","method":"GET","timestamp":"2023-05-14T15:58:28.464Z","url":"/v1/api/invoice/generate"}
{"body":{"client_id":1,"due_date":"2023-05-08T12:30:00Z","items":[{"id":1,"qty":2},{"id":3,"qty":1}],"payment_method_id":1},"level":"http","message":"Request info","method":"GET","timestamp":"2023-05-14T15:59:09.768Z","url":"/v1/api/invoice/generate"}
{"body":{"client_id":1,"due_date":"2023-05-08T12:30:00Z","items":[{"id":1,"qty":2},{"id":3,"qty":1}],"payment_method_id":1},"level":"http","message":"Request info","method":"GET","timestamp":"2023-05-14T15:59:17.200Z","url":"/v1/api/invoice/generate"}
{"body":{"client_id":1,"due_date":"2023-05-08T12:30:00Z","items":[{"id":1,"qty":2},{"id":3,"qty":1}],"payment_method_id":1},"level":"http","message":"Request info","method":"GET","timestamp":"2023-05-14T15:59:21.439Z","url":"/v1/api/invoice/generate"}
{"body":{"client_id":1,"due_date":"2023-05-08T12:30:00Z","items":[{"id":1,"qty":2},{"id":3,"qty":1}],"payment_method_id":1},"level":"http","message":"Request info","method":"GET","timestamp":"2023-05-14T16:00:07.096Z","url":"/v1/api/invoice/generate"}
{"body":{"client_id":1,"due_date":"2023-05-08T12:30:00Z","items":[{"id":1,"qty":2},{"id":3,"qty":1}],"payment_method_id":1},"level":"http","message":"Request info","method":"GET","timestamp":"2023-05-14T16:00:20.279Z","url":"/v1/api/invoice/generate"}
{"body":{"client_id":1,"due_date":"2023-05-08T12:30:00Z","items":[{"id":1,"qty":2},{"id":3,"qty":1}],"payment_method_id":1},"level":"http","message":"Request info","method":"GET","timestamp":"2023-05-14T16:00:29.933Z","url":"/v1/api/invoice/generate"}
{"body":{"client_id":1,"due_date":"2023-05-08T12:30:00Z","items":[{"id":1,"qty":2},{"id":3,"qty":1}],"payment_method_id":1},"level":"http","message":"Request info","method":"GET","timestamp":"2023-05-14T16:07:38.864Z","url":"/v1/api/invoice/generate"}
